0 info it worked if it ends with ok
1 verbose cli [ 'C:\\Program Files (x86)\\nodejs\\\\node.exe',
1 verbose cli   'C:\\Program Files (x86)\\nodejs\\node_modules\\npm\\bin\\npm-cli.js',
1 verbose cli   'install',
1 verbose cli   'numpy',
1 verbose cli   '-g' ]
2 info using npm@2.7.4
3 info using node@v0.12.2
4 verbose node symlink C:\Program Files (x86)\nodejs\\node.exe
5 silly cache add args [ 'numpy', null ]
6 verbose cache add spec numpy
7 silly cache add parsed spec { raw: 'numpy',
7 silly cache add   scope: null,
7 silly cache add   name: 'numpy',
7 silly cache add   rawSpec: '',
7 silly cache add   spec: '*',
7 silly cache add   type: 'range' }
8 verbose addNamed numpy@*
9 silly addNamed semver.valid null
10 silly addNamed semver.validRange *
11 silly addNameRange { name: 'numpy', range: '*', hasData: false }
12 silly mapToRegistry name numpy
13 silly mapToRegistry using default registry
14 silly mapToRegistry registry https://registry.npmjs.org/
15 silly mapToRegistry uri https://registry.npmjs.org/numpy
16 verbose addNameRange registry:https://registry.npmjs.org/numpy not in flight; fetching
17 verbose request uri https://registry.npmjs.org/numpy
18 verbose request no auth needed
19 info attempt registry request try #1 at 12:34:48 PM
20 verbose request id 882435e40450ad6d
21 http request GET https://registry.npmjs.org/numpy
22 info retry will retry, error on last attempt: Error: getaddrinfo ENOTFOUND registry.npmjs.org
23 info attempt registry request try #2 at 12:35:10 PM
24 http request GET https://registry.npmjs.org/numpy
25 info retry will retry, error on last attempt: Error: getaddrinfo ENOTFOUND registry.npmjs.org
26 info attempt registry request try #3 at 12:36:10 PM
27 http request GET https://registry.npmjs.org/numpy
28 verbose stack Error: getaddrinfo ENOTFOUND registry.npmjs.org
28 verbose stack     at errnoException (dns.js:44:10)
28 verbose stack     at GetAddrInfoReqWrap.onlookup [as oncomplete] (dns.js:94:26)
29 verbose cwd C:\Users\Subhroneel Dey\Desktop\wkt_extractor\SubhroneelDeyAlgo\k-means-master\k-means-master
30 error Windows_NT 6.3.9600
31 error argv "C:\\Program Files (x86)\\nodejs\\\\node.exe" "C:\\Program Files (x86)\\nodejs\\node_modules\\npm\\bin\\npm-cli.js" "install" "numpy" "-g"
32 error node v0.12.2
33 error npm  v2.7.4
34 error code ENOTFOUND
35 error errno ENOTFOUND
36 error syscall getaddrinfo
37 error network getaddrinfo ENOTFOUND registry.npmjs.org
37 error network This is most likely not a problem with npm itself
37 error network and is related to network connectivity.
37 error network In most cases you are behind a proxy or have bad network settings.
37 error network
37 error network If you are behind a proxy, please make sure that the
37 error network 'proxy' config is set properly.  See: 'npm help config'
38 verbose exit [ 1, true ]
